2022-01-28 10:14:05 [background-preinit] INFO  o.h.validator.internal.util.Version - HV000001: Hibernate Validator 6.2.0.Final
2022-01-28 10:14:06 [main] INFO  c.u.j.c.EnableEncryptablePropertiesBeanFactoryPostProcessor - Post-processing PropertySource instances
2022-01-28 10:14:06 [main] INFO  c.u.j.EncryptablePropertySourceConverter - Skipping PropertySource configurationProperties [class org.springframework.boot.context.properties.source.ConfigurationPropertySourcesPropertySource
2022-01-28 10:14:06 [main] INFO  c.u.j.EncryptablePropertySourceConverter - Converting PropertySource bootstrap [org.springframework.core.env.MapPropertySource] to EncryptableMapPropertySourceWrapper
2022-01-28 10:14:06 [main] INFO  c.u.j.EncryptablePropertySourceConverter - Converting PropertySource systemProperties [org.springframework.core.env.PropertiesPropertySource] to EncryptableMapPropertySourceWrapper
2022-01-28 10:14:06 [main] INFO  c.u.j.EncryptablePropertySourceConverter - Converting PropertySource systemEnvironment [org.springframework.boot.env.SystemEnvironmentPropertySourceEnvironmentPostProcessor$OriginAwareSystemEnvironmentPropertySource] to EncryptableSystemEnvironmentPropertySourceWrapper
2022-01-28 10:14:06 [main] INFO  c.u.j.EncryptablePropertySourceConverter - Converting PropertySource random [org.springframework.boot.env.RandomValuePropertySource] to EncryptablePropertySourceWrapper
2022-01-28 10:14:06 [main] INFO  c.u.j.EncryptablePropertySourceConverter - Converting PropertySource configServerClient [org.springframework.core.env.MapPropertySource] to EncryptableMapPropertySourceWrapper
2022-01-28 10:14:06 [main] INFO  c.u.j.EncryptablePropertySourceConverter - Converting PropertySource cachedrandom [org.springframework.cloud.util.random.CachedRandomPropertySource] to EncryptablePropertySourceWrapper
2022-01-28 10:14:06 [main] INFO  c.u.j.EncryptablePropertySourceConverter - Converting PropertySource springCloudClientHostInfo [org.springframework.core.env.MapPropertySource] to EncryptableMapPropertySourceWrapper
2022-01-28 10:14:06 [main] INFO  c.u.j.EncryptablePropertySourceConverter - Converting PropertySource Config resource 'class path resource [bootstrap.yml]' via location 'optional:classpath:/' [org.springframework.boot.env.OriginTrackedMapPropertySource] to EncryptableMapPropertySourceWrapper
2022-01-28 10:14:06 [main] INFO  c.u.j.f.DefaultLazyPropertyFilter - Property Filter custom Bean not found with name 'encryptablePropertyFilter'. Initializing Default Property Filter
2022-01-28 10:14:06 [main] INFO  c.u.j.r.DefaultLazyPropertyResolver - Property Resolver custom Bean not found with name 'encryptablePropertyResolver'. Initializing Default Property Resolver
2022-01-28 10:14:06 [main] INFO  c.u.j.d.DefaultLazyPropertyDetector - Property Detector custom Bean not found with name 'encryptablePropertyDetector'. Initializing Default Property Detector
2022-01-28 10:14:08 [main] INFO  c.u.j.c.RefreshScopeRefreshedEventListener - Refreshing cached encryptable property sources on EnvironmentChangeEvent
2022-01-28 10:14:08 [main] INFO  c.u.j.c.CachingDelegateEncryptablePropertySource - Property Source systemProperties refreshed
2022-01-28 10:14:08 [main] INFO  c.u.j.c.CachingDelegateEncryptablePropertySource - Property Source systemEnvironment refreshed
2022-01-28 10:14:08 [main] INFO  c.u.j.c.CachingDelegateEncryptablePropertySource - Property Source random refreshed
2022-01-28 10:14:08 [main] INFO  c.u.j.c.CachingDelegateEncryptablePropertySource - Property Source configServerClient refreshed
2022-01-28 10:14:08 [main] INFO  c.u.j.c.CachingDelegateEncryptablePropertySource - Property Source cachedrandom refreshed
2022-01-28 10:14:08 [main] INFO  c.u.j.c.CachingDelegateEncryptablePropertySource - Property Source springCloudClientHostInfo refreshed
2022-01-28 10:14:08 [main] INFO  c.u.j.c.CachingDelegateEncryptablePropertySource - Property Source Config resource 'class path resource [bootstrap.yml]' via location 'optional:classpath:/' refreshed
2022-01-28 10:14:08 [main] INFO  c.u.j.EncryptablePropertySourceConverter - Converting PropertySource decrypted [org.springframework.core.env.SystemEnvironmentPropertySource] to EncryptableSystemEnvironmentPropertySourceWrapper
2022-01-28 10:14:08 [main] INFO  c.u.j.EncryptablePropertySourceConverter - Skipping PropertySource configurationProperties [class org.springframework.boot.context.properties.source.ConfigurationPropertySourcesPropertySource
2022-01-28 10:14:08 [main] INFO  c.u.j.EncryptablePropertySourceConverter - Converting PropertySource springCloudDefaultProperties [org.springframework.cloud.bootstrap.BootstrapApplicationListener$ExtendedDefaultPropertySource] to EncryptableSystemEnvironmentPropertySourceWrapper
2022-01-28 10:14:08 [main] INFO  c.u.j.c.RefreshScopeRefreshedEventListener - Refreshing cached encryptable property sources on EnvironmentChangeEvent
2022-01-28 10:14:08 [main] INFO  c.u.j.c.CachingDelegateEncryptablePropertySource - Property Source systemProperties refreshed
2022-01-28 10:14:08 [main] INFO  c.u.j.c.CachingDelegateEncryptablePropertySource - Property Source systemEnvironment refreshed
2022-01-28 10:14:08 [main] INFO  c.u.j.c.CachingDelegateEncryptablePropertySource - Property Source random refreshed
2022-01-28 10:14:08 [main] INFO  c.u.j.c.CachingDelegateEncryptablePropertySource - Property Source configServerClient refreshed
2022-01-28 10:14:08 [main] INFO  c.u.j.c.CachingDelegateEncryptablePropertySource - Property Source cachedrandom refreshed
2022-01-28 10:14:08 [main] INFO  c.u.j.c.CachingDelegateEncryptablePropertySource - Property Source springCloudClientHostInfo refreshed
2022-01-28 10:14:08 [main] INFO  c.u.j.c.CachingDelegateEncryptablePropertySource - Property Source Config resource 'class path resource [bootstrap.yml]' via location 'optional:classpath:/' refreshed
2022-01-28 10:14:08 [main] INFO  c.u.j.c.CachingDelegateEncryptablePropertySource - Property Source springCloudDefaultProperties refreshed
2022-01-28 10:14:08 [main] INFO  c.u.j.EncryptablePropertySourceConverter - Converting PropertySource decrypted [org.springframework.core.env.SystemEnvironmentPropertySource] to EncryptableSystemEnvironmentPropertySourceWrapper
2022-01-28 10:14:08 [main] INFO  c.u.j.EncryptablePropertySourceConverter - Skipping PropertySource configurationProperties [class org.springframework.boot.context.properties.source.ConfigurationPropertySourcesPropertySource
2022-01-28 10:14:08 [main] INFO  c.s.config.server.ConfigServer - No active profile set, falling back to default profiles: default
2022-01-28 10:14:09 [main] INFO  o.s.cloud.context.scope.GenericScope - BeanFactory id=ca7b28d8-567b-3a00-a71e-70d102513e60
2022-01-28 10:14:09 [main] INFO  c.u.j.c.EnableEncryptablePropertiesBeanFactoryPostProcessor - Post-processing PropertySource instances
2022-01-28 10:14:09 [main] INFO  c.u.j.EncryptablePropertySourceConverter - Converting PropertySource decrypted [org.springframework.core.env.SystemEnvironmentPropertySource] to EncryptableSystemEnvironmentPropertySourceWrapper
2022-01-28 10:14:09 [main] INFO  c.u.j.EncryptablePropertySourceConverter - Skipping PropertySource configurationProperties [class org.springframework.boot.context.properties.source.ConfigurationPropertySourcesPropertySource
2022-01-28 10:14:09 [main] INFO  c.u.j.EncryptablePropertySourceConverter - Skipping PropertySource servletConfigInitParams [class org.springframework.core.env.PropertySource$StubPropertySource
2022-01-28 10:14:09 [main] INFO  c.u.j.EncryptablePropertySourceConverter - Skipping PropertySource servletContextInitParams [class org.springframework.core.env.PropertySource$StubPropertySource
2022-01-28 10:14:09 [main] INFO  c.u.j.EncryptablePropertySourceConverter - Converting PropertySource systemProperties [org.springframework.core.env.PropertiesPropertySource] to EncryptableMapPropertySourceWrapper
2022-01-28 10:14:09 [main] INFO  c.u.j.EncryptablePropertySourceConverter - Converting PropertySource systemEnvironment [org.springframework.boot.env.SystemEnvironmentPropertySourceEnvironmentPostProcessor$OriginAwareSystemEnvironmentPropertySource] to EncryptableSystemEnvironmentPropertySourceWrapper
2022-01-28 10:14:09 [main] INFO  c.u.j.EncryptablePropertySourceConverter - Converting PropertySource random [org.springframework.boot.env.RandomValuePropertySource] to EncryptablePropertySourceWrapper
2022-01-28 10:14:09 [main] INFO  c.u.j.EncryptablePropertySourceConverter - Converting PropertySource configServerClient [org.springframework.core.env.MapPropertySource] to EncryptableMapPropertySourceWrapper
2022-01-28 10:14:09 [main] INFO  c.u.j.EncryptablePropertySourceConverter - Converting PropertySource cachedrandom [org.springframework.cloud.util.random.CachedRandomPropertySource] to EncryptablePropertySourceWrapper
2022-01-28 10:14:09 [main] INFO  c.u.j.EncryptablePropertySourceConverter - Converting PropertySource springCloudClientHostInfo [org.springframework.core.env.MapPropertySource] to EncryptableMapPropertySourceWrapper
2022-01-28 10:14:09 [main] INFO  c.u.j.EncryptablePropertySourceConverter - Converting PropertySource Config resource 'class path resource [application.yml]' via location 'optional:classpath:/' [org.springframework.boot.env.OriginTrackedMapPropertySource] to EncryptableMapPropertySourceWrapper
2022-01-28 10:14:09 [main] INFO  c.u.j.EncryptablePropertySourceConverter - Converting PropertySource springCloudDefaultProperties [org.springframework.core.env.MapPropertySource] to EncryptableMapPropertySourceWrapper
2022-01-28 10:14:09 [main] INFO  c.u.j.f.DefaultLazyPropertyFilter - Property Filter custom Bean not found with name 'encryptablePropertyFilter'. Initializing Default Property Filter
2022-01-28 10:14:10 [main] INFO  o.s.b.w.e.tomcat.TomcatWebServer - Tomcat initialized with port(s): 8888 (http)
2022-01-28 10:14:10 [main] INFO  o.a.coyote.http11.Http11NioProtocol - Initializing ProtocolHandler ["http-nio-8888"]
2022-01-28 10:14:10 [main] INFO  o.a.catalina.core.StandardService - Starting service [Tomcat]
2022-01-28 10:14:10 [main] INFO  o.a.catalina.core.StandardEngine - Starting Servlet engine: [Apache Tomcat/9.0.54]
2022-01-28 10:14:10 [main] INFO  o.a.c.c.C.[Tomcat].[localhost].[/] - Initializing Spring embedded WebApplicationContext
2022-01-28 10:14:10 [main] INFO  o.s.b.w.s.c.ServletWebServerApplicationContext - Root WebApplicationContext: initialization completed in 1230 ms
2022-01-28 10:14:10 [main] INFO  c.u.j.r.DefaultLazyPropertyResolver - Property Resolver custom Bean not found with name 'encryptablePropertyResolver'. Initializing Default Property Resolver
2022-01-28 10:14:10 [main] INFO  c.u.j.d.DefaultLazyPropertyDetector - Property Detector custom Bean not found with name 'encryptablePropertyDetector'. Initializing Default Property Detector
2022-01-28 10:14:11 [main] INFO  o.s.b.a.e.web.EndpointLinksResolver - Exposing 1 endpoint(s) beneath base path '/actuator'
2022-01-28 10:14:11 [main] INFO  o.s.s.web.DefaultSecurityFilterChain - Will secure any request with [org.springframework.security.web.context.request.async.WebAsyncManagerIntegrationFilter@df6f19b, org.springframework.security.web.context.SecurityContextPersistenceFilter@72e49f6a, org.springframework.security.web.header.HeaderWriterFilter@3245efdb, org.springframework.web.filter.CorsFilter@6d842877, org.springframework.security.web.csrf.CsrfFilter@4ad3969, org.springframework.security.web.authentication.logout.LogoutFilter@45539bd8, org.springframework.security.web.authentication.UsernamePasswordAuthenticationFilter@56b704ea, org.springframework.security.web.authentication.ui.DefaultLoginPageGeneratingFilter@3c3cd7a5, org.springframework.security.web.authentication.ui.DefaultLogoutPageGeneratingFilter@614cbec4, org.springframework.security.web.authentication.www.BasicAuthenticationFilter@5dba3fdc, org.springframework.security.web.savedrequest.RequestCacheAwareFilter@312819ae, org.springframework.security.web.servletapi.SecurityContextHolderAwareRequestFilter@196d684b, org.springframework.security.web.authentication.AnonymousAuthenticationFilter@3835d3fd, org.springframework.security.web.session.SessionManagementFilter@24d7657b, org.springframework.security.web.access.ExceptionTranslationFilter@27dc81be, org.springframework.security.web.access.intercept.FilterSecurityInterceptor@54737322]
2022-01-28 10:14:12 [main] INFO  o.a.coyote.http11.Http11NioProtocol - Starting ProtocolHandler ["http-nio-8888"]
2022-01-28 10:14:12 [main] INFO  o.s.b.w.e.tomcat.TomcatWebServer - Tomcat started on port(s): 8888 (http) with context path ''
2022-01-28 10:14:12 [main] INFO  c.u.j.c.RefreshScopeRefreshedEventListener - Refreshing cached encryptable property sources on ServletWebServerInitializedEvent
2022-01-28 10:14:12 [main] INFO  c.u.j.c.CachingDelegateEncryptablePropertySource - Property Source decrypted refreshed
2022-01-28 10:14:12 [main] INFO  c.u.j.c.CachingDelegateEncryptablePropertySource - Property Source systemProperties refreshed
2022-01-28 10:14:12 [main] INFO  c.u.j.c.CachingDelegateEncryptablePropertySource - Property Source systemEnvironment refreshed
2022-01-28 10:14:12 [main] INFO  c.u.j.c.CachingDelegateEncryptablePropertySource - Property Source random refreshed
2022-01-28 10:14:12 [main] INFO  c.u.j.c.CachingDelegateEncryptablePropertySource - Property Source configServerClient refreshed
2022-01-28 10:14:12 [main] INFO  c.u.j.c.CachingDelegateEncryptablePropertySource - Property Source cachedrandom refreshed
2022-01-28 10:14:12 [main] INFO  c.u.j.c.CachingDelegateEncryptablePropertySource - Property Source springCloudClientHostInfo refreshed
2022-01-28 10:14:12 [main] INFO  c.u.j.c.CachingDelegateEncryptablePropertySource - Property Source Config resource 'class path resource [application.yml]' via location 'optional:classpath:/' refreshed
2022-01-28 10:14:12 [main] INFO  c.u.j.c.CachingDelegateEncryptablePropertySource - Property Source springCloudDefaultProperties refreshed
2022-01-28 10:14:12 [main] INFO  c.u.j.c.CachingDelegateEncryptablePropertySource - Property Source Config resource 'class path resource [bootstrap.yml]' via location 'optional:classpath:/' refreshed
2022-01-28 10:14:12 [main] INFO  c.u.j.EncryptablePropertySourceConverter - Converting PropertySource server.ports [org.springframework.core.env.MapPropertySource] to EncryptableMapPropertySourceWrapper
2022-01-28 10:14:12 [main] INFO  c.u.j.EncryptablePropertySourceConverter - Skipping PropertySource configurationProperties [class org.springframework.boot.context.properties.source.ConfigurationPropertySourcesPropertySource
2022-01-28 10:14:12 [main] INFO  c.u.j.EncryptablePropertySourceConverter - Skipping PropertySource servletConfigInitParams [class org.springframework.core.env.PropertySource$StubPropertySource
2022-01-28 10:14:12 [main] INFO  c.u.j.EncryptablePropertySourceConverter - Converting PropertySource servletContextInitParams [org.springframework.web.context.support.ServletContextPropertySource] to EncryptableEnumerablePropertySourceWrapper
2022-01-28 10:14:12 [main] INFO  c.u.j.EncryptablePropertySourceConverter - Converting PropertySource Management Server [org.springframework.boot.actuate.autoconfigure.web.server.ManagementContextAutoConfiguration$SameManagementContextConfiguration$1] to EncryptablePropertySourceWrapper
2022-01-28 10:14:12 [main] INFO  c.u.j.c.RefreshScopeRefreshedEventListener - Refreshing cached encryptable property sources on ServletWebServerInitializedEvent
2022-01-28 10:14:12 [main] INFO  c.u.j.c.CachingDelegateEncryptablePropertySource - Property Source decrypted refreshed
2022-01-28 10:14:12 [main] INFO  c.u.j.c.CachingDelegateEncryptablePropertySource - Property Source systemProperties refreshed
2022-01-28 10:14:12 [main] INFO  c.u.j.c.CachingDelegateEncryptablePropertySource - Property Source systemEnvironment refreshed
2022-01-28 10:14:12 [main] INFO  c.u.j.c.CachingDelegateEncryptablePropertySource - Property Source random refreshed
2022-01-28 10:14:12 [main] INFO  c.u.j.c.CachingDelegateEncryptablePropertySource - Property Source configServerClient refreshed
2022-01-28 10:14:12 [main] INFO  c.u.j.c.CachingDelegateEncryptablePropertySource - Property Source cachedrandom refreshed
2022-01-28 10:14:12 [main] INFO  c.u.j.c.CachingDelegateEncryptablePropertySource - Property Source springCloudClientHostInfo refreshed
2022-01-28 10:14:12 [main] INFO  c.u.j.c.CachingDelegateEncryptablePropertySource - Property Source Config resource 'class path resource [bootstrap.yml]' via location 'optional:classpath:/' refreshed
2022-01-28 10:14:12 [main] INFO  c.u.j.c.CachingDelegateEncryptablePropertySource - Property Source springCloudDefaultProperties refreshed
2022-01-28 10:14:12 [main] INFO  c.u.j.EncryptablePropertySourceConverter - Converting PropertySource server.ports [org.springframework.core.env.MapPropertySource] to EncryptableMapPropertySourceWrapper
2022-01-28 10:14:12 [main] INFO  c.u.j.EncryptablePropertySourceConverter - Skipping PropertySource configurationProperties [class org.springframework.boot.context.properties.source.ConfigurationPropertySourcesPropertySource
2022-01-28 10:14:12 [main] INFO  c.s.config.server.ConfigServer - Started ConfigServer in 7.588 seconds (JVM running for 8.983)
2022-01-28 10:14:12 [RMI TCP Connection(1)-192.168.3.109] INFO  o.a.c.c.C.[Tomcat].[localhost].[/] - Initializing Spring DispatcherServlet 'dispatcherServlet'
2022-01-28 10:14:12 [RMI TCP Connection(1)-192.168.3.109] INFO  o.s.web.servlet.DispatcherServlet - Initializing Servlet 'dispatcherServlet'
2022-01-28 10:14:12 [RMI TCP Connection(1)-192.168.3.109] INFO  o.s.web.servlet.DispatcherServlet - Completed initialization in 2 ms
